[debug] [2023-01-31T16:41:48.980Z] ----------------------------------------------------------------------
[debug] [2023-01-31T16:41:48.981Z] Command:       C:\Program Files\nodejs\node.exe C:\Users\jairo\AppData\Roaming\npm\node_modules\firebase-tools\lib\bin\firebase.js init
[debug] [2023-01-31T16:41:48.982Z] CLI Version:   11.21.0
[debug] [2023-01-31T16:41:48.982Z] Platform:      win32
[debug] [2023-01-31T16:41:48.982Z] Node Version:  v18.13.0
[debug] [2023-01-31T16:41:48.983Z] Time:          Tue Jan 31 2023 22:11:48 GMT+0530 (India Standard Time)
[debug] [2023-01-31T16:41:48.983Z] ----------------------------------------------------------------------
[debug] 
[debug] [2023-01-31T16:41:49.041Z] > command requires scopes: ["email","openid","https://www.googleapis.com/auth/cloudplatformprojects.readonly","https://www.googleapis.com/auth/firebase","https://www.googleapis.com/auth/cloud-platform"]
[debug] [2023-01-31T16:41:49.042Z] > authorizing via signed-in user (mothichandrarayal@gmail.com)
[info] 
     ######## #### ########  ######## ########     ###     ######  ########
     ##        ##  ##     ## ##       ##     ##  ##   ##  ##       ##
     ######    ##  ########  ######   ########  #########  ######  ######
     ##        ##  ##    ##  ##       ##     ## ##     ##       ## ##
     ##       #### ##     ## ######## ########  ##     ##  ######  ########

You're about to initialize a Firebase project in this directory:

  C:\Users\jairo\Desktop\React_Project\whatsapp-firebase-clone

Before we get started, keep in mind:

  * You are initializing within an existing Firebase project directory

[info] 
=== Project Setup
[info] 
[info] First, let's associate this project directory with a Firebase project.
[info] You can create multiple project aliases by running firebase use --add, 
[info] but for now we'll just set up a default project.
[info] 
[debug] [2023-01-31T16:41:53.976Z] Using project from CLI flag: whatsapp-clone-firebase-46a65
[debug] [2023-01-31T16:41:53.977Z] >>> [apiv2][query] GET https://firebase.googleapis.com/v1beta1/projects/whatsapp-clone-firebase-46a65 [none]
[debug] [2023-01-31T16:41:59.417Z] <<< [apiv2][status] GET https://firebase.googleapis.com/v1beta1/projects/whatsapp-clone-firebase-46a65 403
[debug] [2023-01-31T16:41:59.417Z] <<< [apiv2][body] GET https://firebase.googleapis.com/v1beta1/projects/whatsapp-clone-firebase-46a65 {"error":{"code":403,"message":"The caller does not have permission","status":"PERMISSION_DENIED"}}
[debug] [2023-01-31T16:41:59.418Z] HTTP Error: 403, The caller does not have permission
[debug] [2023-01-31T16:41:59.653Z] FirebaseError: HTTP Error: 403, The caller does not have permission
    at responseToError (C:\Users\jairo\AppData\Roaming\npm\node_modules\firebase-tools\lib\responseToError.js:49:12)
    at RetryOperation._fn (C:\Users\jairo\AppData\Roaming\npm\node_modules\firebase-tools\lib\apiv2.js:288:77)
    at process.processTicksAndRejections (node:internal/process/task_queues:95:5)
[error] 
[error] Error: Failed to get Firebase project whatsapp-clone-firebase-46a65. Please make sure the project exists and your account has permission to access it.
